<?xml version="1.0" encoding="UTF-8"?>
<!-- Generated by org.testng.reporters.JUnitXMLReporter -->
<testsuite ignored="0" hostname="DESKTOP-IJTKLTV" failures="0" tests="3" name="Default test" time="19.401" errors="0" timestamp="2021-10-01T08:58:22 IST">
  <testcase classname="TestCases.TestCases" name="TC1_Login" time="1.833"/>
  <testcase classname="TestCases.TestCases" name="TC2_Dashboard" time="0.068"/>
  <testcase classname="TestCases.TestCases" name="TC3_ItemsaddtoCart" time="12.803"/>
</testsuite> <!-- Default test -->
