<?xml version="1.0" encoding="UTF-8"?>
<testng-results ignored="0" total="3" passed="3" failed="0" skipped="0">
  <reporter-output>
  </reporter-output>
  <suite started-at="2021-10-25T21:37:51 IST" name="Suite" finished-at="2021-10-25T21:38:24 IST" duration-ms="32695">
    <groups>
    </groups>
    <test started-at="2021-10-25T21:37:51 IST" name="Test" finished-at="2021-10-25T21:38:24 IST" duration-ms="32695">
      <class name="TestCases.TestCases">
        <test-method is-config="true" signature="setup()[pri:0, instance:TestCases.TestCases@696da30b]" started-at="2021-10-25T21:37:51 IST" name="setup" finished-at="2021-10-25T21:38:02 IST" duration-ms="10928" status="PASS">
          <reporter-output>
          </reporter-output>
        </test-method> <!-- setup -->
        <test-method signature="TC1_Login()[pri:0, instance:TestCases.TestCases@696da30b]" started-at="2021-10-25T21:38:02 IST" name="TC1_Login" finished-at="2021-10-25T21:38:04 IST" duration-ms="1394" status="PASS">
          <reporter-output>
          </reporter-output>
        </test-method> <!-- TC1_Login -->
        <test-method signature="TC2_Dashboard()[pri:0, instance:TestCases.TestCases@696da30b]" started-at="2021-10-25T21:38:04 IST" name="TC2_Dashboard" finished-at="2021-10-25T21:38:04 IST" depends-on-methods="TestCases.TestCases.TC1_Login" duration-ms="63" status="PASS">
          <reporter-output>
          </reporter-output>
        </test-method> <!-- TC2_Dashboard -->
        <test-method signature="TC3_ItemsaddtoCart()[pri:0, instance:TestCases.TestCases@696da30b]" started-at="2021-10-25T21:38:04 IST" name="TC3_ItemsaddtoCart" finished-at="2021-10-25T21:38:24 IST" depends-on-methods="TestCases.TestCases.TC2_Dashboard" duration-ms="20260" status="PASS">
          <reporter-output>
          </reporter-output>
        </test-method> <!-- TC3_ItemsaddtoCart -->
        <test-method is-config="true" signature="teardown()[pri:0, instance:TestCases.TestCases@696da30b]" started-at="2021-10-25T21:38:24 IST" name="teardown" finished-at="2021-10-25T21:38:24 IST" duration-ms="1" status="PASS">
          <reporter-output>
          </reporter-output>
        </test-method> <!-- teardown -->
      </class> <!-- TestCases.TestCases -->
    </test> <!-- Test -->
  </suite> <!-- Suite -->
</testng-results>
